0 info it worked if it ends with ok
1 verbose cli [ 'node', '/usr/local/bin/npm', 'publish' ]
2 info using npm@1.4.28
3 info using node@v0.10.33
4 verbose publish [ '.' ]
5 verbose cache add [ '.', null ]
6 verbose cache add name=undefined spec="." args=[".",null]
7 verbose parsed url { protocol: null,
7 verbose parsed url   slashes: null,
7 verbose parsed url   auth: null,
7 verbose parsed url   host: null,
7 verbose parsed url   port: null,
7 verbose parsed url   hostname: null,
7 verbose parsed url   hash: null,
7 verbose parsed url   search: null,
7 verbose parsed url   query: null,
7 verbose parsed url   pathname: '.',
7 verbose parsed url   path: '.',
7 verbose parsed url   href: '.' }
8 silly lockFile 3a52ce78- .
9 verbose lock . /Users/kwongsuphasawat/.npm/3a52ce78-.lock
10 verbose tar pack [ '/Users/kwongsuphasawat/.npm/d3kit/1.0.1/package.tgz', '.' ]
11 verbose tarball /Users/kwongsuphasawat/.npm/d3kit/1.0.1/package.tgz
12 verbose folder .
13 info prepublish d3kit@1.0.1
14 verbose unsafe-perm in lifecycle true
15 silly lockFile 1f1177db-tar tar://.
16 verbose lock tar://. /Users/kwongsuphasawat/.npm/1f1177db-tar.lock
17 silly lockFile 328f87e6-awat-npm-d3kit-1-0-1-package-tgz tar:///Users/kwongsuphasawat/.npm/d3kit/1.0.1/package.tgz
18 verbose lock tar:///Users/kwongsuphasawat/.npm/d3kit/1.0.1/package.tgz /Users/kwongsuphasawat/.npm/328f87e6-awat-npm-d3kit-1-0-1-package-tgz.lock
19 silly lockFile 1f1177db-tar tar://.
20 silly lockFile 1f1177db-tar tar://.
21 silly lockFile 328f87e6-awat-npm-d3kit-1-0-1-package-tgz tar:///Users/kwongsuphasawat/.npm/d3kit/1.0.1/package.tgz
22 silly lockFile 328f87e6-awat-npm-d3kit-1-0-1-package-tgz tar:///Users/kwongsuphasawat/.npm/d3kit/1.0.1/package.tgz
23 silly lockFile 79bfe527-phasawat-npm-d3kit-1-0-1-package /Users/kwongsuphasawat/.npm/d3kit/1.0.1/package
24 verbose lock /Users/kwongsuphasawat/.npm/d3kit/1.0.1/package /Users/kwongsuphasawat/.npm/79bfe527-phasawat-npm-d3kit-1-0-1-package.lock
25 silly lockFile 79bfe527-phasawat-npm-d3kit-1-0-1-package /Users/kwongsuphasawat/.npm/d3kit/1.0.1/package
26 silly lockFile 79bfe527-phasawat-npm-d3kit-1-0-1-package /Users/kwongsuphasawat/.npm/d3kit/1.0.1/package
27 silly lockFile 3a52ce78- .
28 silly lockFile 3a52ce78- .
29 silly publish { name: 'd3kit',
29 silly publish   version: '1.0.1',
29 silly publish   description: 'A kit of tools to speed D3 related project development.',
29 silly publish   main: 'dist/d3kit.js',
29 silly publish   bin: { d3kit: 'src/d3kit.js' },
29 silly publish   directories: { example: 'examples' },
29 silly publish   dependencies: {},
29 silly publish   devDependencies:
29 silly publish    { amdclean: '^2.2.7',
29 silly publish      grunt: '~0.4.5',
29 silly publish      'grunt-contrib-clean': '~0.6.0',
29 silly publish      'grunt-contrib-concat': '~0.5.0',
29 silly publish      'grunt-contrib-requirejs': '~0.4.4',
29 silly publish      'grunt-contrib-uglify': '~0.6.0',
29 silly publish      'grunt-contrib-watch': '^0.6.1',
29 silly publish      'grunt-exec': '^0.4.6',
29 silly publish      'grunt-karma': '~0.8.3',
29 silly publish      karma: '~0.12.21',
29 silly publish      'karma-chrome-launcher': '~0.1.4',
29 silly publish      'karma-coverage': '~0.2.6',
29 silly publish      'karma-firefox-launcher': '~0.1.3',
29 silly publish      'karma-mocha': '^0.1.8',
29 silly publish      'karma-mocha-reporter': '~0.2.8',
29 silly publish      'karma-phantomjs-launcher': '~0.1.4',
29 silly publish      'karma-requirejs': '~0.2.2',
29 silly publish      'load-grunt-tasks': '~0.6.0',
29 silly publish      mocha: '^1.21.4',
29 silly publish      'time-grunt': '~1.0.0' },
29 silly publish   scripts:
29 silly publish    { test: 'grunt test',
29 silly publish      prepublish: 'npm run clean:dist && grunt build' },
29 silly publish   repository: { type: 'git', url: 'https://github.com/twitter/d3kit' },
29 silly publish   keywords: [ 'd3', 'visualization', 'javascript' ],
29 silly publish   author: { name: '@kristw, @trebor' },
29 silly publish   license: 'Apache 2',
29 silly publish   readme: '## d3Kit\n\nd3Kit is a set of tools to speed [D3](https://github.com/mbostock/d3) related project development.\nIt is a lightweight library (~8KB, minified) to help you do the basic groundwork tasks you need when building visualization with d3.\nd3Kit features include, but are not limited to:\n\n* Setup ```<svg>``` according to d3\'s [margin convention](http://bl.ocks.org/mbostock/3019563), make it support auto-resizing and add other convenient functions. We called it a "Skeleton" for your visualization.\n* Help you create reusable component.\n* Help you create reusable subcomponent (a.k.a. Chartlet).\n* and many more...\n\nHere are a few examples of d3Kit in action:\n* [Dot in a box](http://bl.ocks.org/treboresque/f839966214cf66627df6)\n* [Bubble Chart](http://bl.ocks.org/kristw/75999459f1a34e05d580)\n* [Reusable Bubble Chart](http://bl.ocks.org/kristw/d8b15dd09a4c3510621c)\n* [Circle Chartlet](http://bl.ocks.org/treboresque/0f01e42fb3c9268d7105)\n\nFor more examples, [check out our gallery](https://github.com/twitter/d3kit/wiki/Gallery).\n\nWant to learn more? [See the wiki](https://github.com/twitter/d3kit/wiki) or [API Reference](https://github.com/twitter/d3kit/wiki/API-reference)\n\n### Can\'t wait to try it?\n\n```\nbower install d3kit\n```\n\n### Authors\n\n* Robert Harris [@trebor](https://twitter.com/trebor)\n* Krist Wongsuphasawat [@kristw](https://twitter.com/kristw)\n',
29 silly publish   readmeFilename: 'README.md',
29 silly publish   gitHead: 'fb617358fe459169ff0e236e5ece07bc40d4265a',
29 silly publish   bugs: { url: 'https://github.com/twitter/d3kit/issues' },
29 silly publish   homepage: 'https://github.com/twitter/d3kit',
29 silly publish   _id: 'd3kit@1.0.1',
29 silly publish   _shasum: 'e54b45fdd7dfe97e6767ad50eba96de93ae3a5ea',
29 silly publish   _from: '.' }
30 verbose request where is /d3kit
31 verbose request registry https://registry.npmjs.org/
32 verbose request id bfd2d5f273d1b142
33 verbose url raw /d3kit
34 verbose url resolving [ 'https://registry.npmjs.org/', './d3kit' ]
35 verbose url resolved https://registry.npmjs.org/d3kit
36 verbose request where is https://registry.npmjs.org/d3kit
37 info trying registry request attempt 1 at 15:34:03
38 http PUT https://registry.npmjs.org/d3kit
39 http 403 https://registry.npmjs.org/d3kit
40 verbose headers { 'content-type': 'application/json',
40 verbose headers   'cache-control': 'max-age=60',
40 verbose headers   'content-length': '95',
40 verbose headers   'accept-ranges': 'bytes',
40 verbose headers   date: 'Thu, 04 Jun 2015 20:34:04 GMT',
40 verbose headers   via: '1.1 varnish',
40 verbose headers   connection: 'keep-alive',
40 verbose headers   'x-served-by': 'cache-ord1731-ORD',
40 verbose headers   'x-cache': 'MISS',
40 verbose headers   'x-cache-hits': '0',
40 verbose headers   'x-timer': 'S1433450043.816074,VS0,VE357' }
41 error publish Failed PUT 403
42 error Error: "You cannot publish over the previously published version 1.0.1." : d3kit
42 error     at RegClient.<anonymous> (/usr/local/lib/node_modules/npm/node_modules/npm-registry-client/lib/request.js:308:14)
42 error     at Request._callback (/usr/local/lib/node_modules/npm/node_modules/npm-registry-client/lib/request.js:246:65)
42 error     at Request.self.callback (/usr/local/lib/node_modules/npm/node_modules/request/request.js:236:22)
42 error     at Request.emit (events.js:98:17)
42 error     at Request.<anonymous> (/usr/local/lib/node_modules/npm/node_modules/request/request.js:1142:14)
42 error     at Request.emit (events.js:117:20)
42 error     at IncomingMessage.<anonymous> (/usr/local/lib/node_modules/npm/node_modules/request/request.js:1096:12)
42 error     at IncomingMessage.emit (events.js:117:20)
42 error     at _stream_readable.js:943:16
42 error     at process._tickCallback (node.js:419:13)
43 error If you need help, you may report this *entire* log,
43 error including the npm and node versions, at:
43 error     <http://github.com/npm/npm/issues>
44 error System Darwin 13.4.0
45 error command "node" "/usr/local/bin/npm" "publish"
46 error cwd /Users/kwongsuphasawat/opensource/d3kit
47 error node -v v0.10.33
48 error npm -v 1.4.28
49 verbose exit [ 1, true ]
